<?xml version="1.0" encoding="UTF-8"?>
<testng-results ignored="0" total="2" passed="1" failed="1" skipped="0">
  <reporter-output>
  </reporter-output>
  <suite started-at="2022-06-17T14:31:29 IST" name="Default suite" finished-at="2022-06-17T14:31:40 IST" duration-ms="10715">
    <groups>
    </groups>
    <test started-at="2022-06-17T14:31:29 IST" name="Default test" finished-at="2022-06-17T14:31:40 IST" duration-ms="10715">
      <class name="com.cg.PdfClass">
        <test-method signature="LocalFile()[pri:0, instance:com.cg.PdfClass@446293d]" started-at="2022-06-17T14:31:29 IST" name="LocalFile" finished-at="2022-06-17T14:31:38 IST" duration-ms="8510" status="PASS">
          <reporter-output>
          </reporter-output>
        </test-method> <!-- LocalFile -->
        <test-method signature="ThroughUrl()[pri:0, instance:com.cg.PdfClass@446293d]" started-at="2022-06-17T14:31:38 IST" name="ThroughUrl" finished-at="2022-06-17T14:31:40 IST" duration-ms="2164" status="FAIL">
          <exception class="java.io.IOException">
            <message>
              <![CDATA[Error: Header doesn't contain versioninfo]]>
            </message>
            <full-stacktrace>
              <![CDATA[java.io.IOException: Error: Header doesn't contain versioninfo
at org.apache.pdfbox.pdfparser.PDFParser.parse(PDFParser.java:221)
at org.apache.pdfbox.pdmodel.PDDocument.load(PDDocument.java:1230)
at org.apache.pdfbox.pdmodel.PDDocument.load(PDDocument.java:1130)
at com.cg.PdfClass.ThroughUrl(PdfClass.java:57)
at java.base/jdk.internal.reflect.DirectMethodHandleAccessor.invoke(DirectMethodHandleAccessor.java:104)
at java.base/java.lang.reflect.Method.invoke(Method.java:577)
at org.testng.internal.invokers.MethodInvocationHelper.invokeMethod(MethodInvocationHelper.java:139)
at org.testng.internal.invokers.TestInvoker.invokeMethod(TestInvoker.java:677)
at org.testng.internal.invokers.TestInvoker.invokeTestMethod(TestInvoker.java:221)
at org.testng.internal.invokers.MethodRunner.runInSequence(MethodRunner.java:50)
at org.testng.internal.invokers.TestInvoker$MethodInvocationAgent.invoke(TestInvoker.java:962)
at org.testng.internal.invokers.TestInvoker.invokeTestMethods(TestInvoker.java:194)
at org.testng.internal.invokers.TestMethodWorker.invokeTestMethods(TestMethodWorker.java:148)
at org.testng.internal.invokers.TestMethodWorker.run(TestMethodWorker.java:128)
at java.base/java.util.ArrayList.forEach(ArrayList.java:1511)
at org.testng.TestRunner.privateRun(TestRunner.java:806)
at org.testng.TestRunner.run(TestRunner.java:601)
at org.testng.SuiteRunner.runTest(SuiteRunner.java:433)
at org.testng.SuiteRunner.runSequentially(SuiteRunner.java:427)
at org.testng.SuiteRunner.privateRun(SuiteRunner.java:387)
at org.testng.SuiteRunner.run(SuiteRunner.java:330)
at org.testng.SuiteRunnerWorker.runSuite(SuiteRunnerWorker.java:52)
at org.testng.SuiteRunnerWorker.run(SuiteRunnerWorker.java:95)
at org.testng.TestNG.runSuitesSequentially(TestNG.java:1256)
at org.testng.TestNG.runSuitesLocally(TestNG.java:1176)
at org.testng.TestNG.runSuites(TestNG.java:1099)
at org.testng.TestNG.run(TestNG.java:1067)
at org.testng.remote.AbstractRemoteTestNG.run(AbstractRemoteTestNG.java:115)
at org.testng.remote.RemoteTestNG.initAndRun(RemoteTestNG.java:251)
at org.testng.remote.RemoteTestNG.main(RemoteTestNG.java:77)
]]>
            </full-stacktrace>
          </exception> <!-- java.io.IOException -->
          <reporter-output>
          </reporter-output>
        </test-method> <!-- ThroughUrl -->
      </class> <!-- com.cg.PdfClass -->
    </test> <!-- Default test -->
  </suite> <!-- Default suite -->
</testng-results>
